<?xml version="1.0" encoding="UTF-8"?>
<!-- Generated by org.testng.reporters.JUnitReportReporter -->
<testsuite hostname="Dmytros-MacBook-Pro.local" failures="0" tests="1" name="testcases.AccountTest" time="9.131" errors="0" timestamp="2023-07-03T15:23:13 EDT" skipped="0">
  <testcase classname="testcases.AccountTest" name="sampleMavenTest" time="9.131"/>
  <system-out/>
</testsuite> <!-- testcases.AccountTest -->
